<?xml version="1.0" encoding="UTF-8"?>
<!-- Generated by org.testng.reporters.JUnitReportReporter -->
<testsuite skipped="0" hostname="Carloss-MBP.fios-router.home" name="Carlos.homework1" tests="1" failures="0" timestamp="2021-05-04T18:58:53 EDT" time="12.622" errors="0">
  <testcase name="test" time="12.622" classname="Carlos.homework1"/>
  <system-out/>
</testsuite> <!-- Carlos.homework1 -->
