<?xml version="1.0" encoding="UTF-8"?>
<!-- Generated by org.testng.reporters.JUnitReportReporter -->
<testsuite skipped="0" hostname="Carloss-MBP.fios-router.home" name="TestNG.dataProvider" tests="4" failures="0" timestamp="2021-05-04T21:19:10 EDT" time="0.004" errors="0">
  <testcase name="addItems" time="0.002" classname="TestNG.dataProvider"/>
  <system-out/>
  <testcase name="addItems" time="0.001" classname="TestNG.dataProvider"/>
  <system-out/>
  <testcase name="addItems" time="0.001" classname="TestNG.dataProvider"/>
  <system-out/>
  <testcase name="addItems" time="0.000" classname="TestNG.dataProvider"/>
  <system-out/>
</testsuite> <!-- TestNG.dataProvider -->
