<?xml version="1.0" encoding="UTF-8"?>
<!-- Generated by org.testng.reporters.JUnitReportReporter -->
<testsuite skipped="0" hostname="Carloss-MacBook-Pro.local" name="Carlos.homework2" tests="1" failures="0" timestamp="2021-05-03T19:12:31 EDT" time="15.629" errors="0">
  <testcase name="test" time="15.629" classname="Carlos.homework2"/>
  <system-out/>
</testsuite> <!-- Carlos.homework2 -->
