<?xml version="1.0" encoding="UTF-8"?>
<!-- Generated by org.testng.reporters.JUnitReportReporter -->
<testsuite skipped="0" hostname="Carloss-MacBook-Pro.local" name="Carlos.homework1" tests="1" failures="0" timestamp="2021-05-03T16:42:57 EDT" time="13.172" errors="0">
  <testcase name="test" time="13.172" classname="Carlos.homework1"/>
  <system-out/>
</testsuite> <!-- Carlos.homework1 -->
