<?xml version="1.0" encoding="UTF-8"?>
<!-- Generated by org.testng.reporters.JUnitReportReporter -->
<testsuite skipped="0" hostname="Carloss-MacBook-Pro.local" name="Carlos.volunteerSignUp" tests="1" failures="0" timestamp="2021-04-27T22:30:59 EDT" time="1.654" errors="0">
  <testcase name="test" time="1.654" classname="Carlos.volunteerSignUp"/>
  <system-out/>
</testsuite> <!-- Carlos.volunteerSignUp -->
