<?xml version="1.0" encoding="UTF-8"?>
<!-- Generated by org.testng.reporters.JUnitReportReporter -->
<testsuite skipped="0" hostname="Carloss-MBP.fios-router.home" name="TestNG.testNG_Annotation" tests="3" failures="0" timestamp="2021-05-04T21:19:10 EDT" time="0.011" errors="0">
  <testcase name="test1" time="0.006" classname="TestNG.testNG_Annotation"/>
  <system-out/>
  <testcase name="test4" time="0.004" classname="TestNG.testNG_Annotation"/>
  <system-out/>
  <testcase name="test3" time="0.001" classname="TestNG.testNG_Annotation"/>
  <system-out/>
</testsuite> <!-- TestNG.testNG_Annotation -->
