<?xml version="1.0" encoding="UTF-8"?>
<!-- Generated by org.testng.reporters.JUnitReportReporter -->
<testsuite skipped="0" hostname="Carloss-MacBook-Pro.local" name="Carlos.AddDress" tests="1" failures="0" timestamp="2021-04-27T21:47:51 EDT" time="7.919" errors="0">
  <testcase name="testcase1" time="7.919" classname="Carlos.AddDress"/>
  <system-out/>
</testsuite> <!-- Carlos.AddDress -->
