<?xml version="1.0" encoding="UTF-8"?>
<!-- Generated by org.testng.reporters.JUnitReportReporter -->
<testsuite skipped="0" hostname="Carloss-MacBook-Pro.local" name="Carlos.actionClassExample" tests="1" failures="0" timestamp="2021-04-29T20:47:52 EDT" time="0.297" errors="0">
  <testcase name="test" time="0.297" classname="Carlos.actionClassExample"/>
  <system-out/>
</testsuite> <!-- Carlos.actionClassExample -->
