<?xml version="1.0" encoding="UTF-8"?>
<!-- Generated by org.testng.reporters.JUnitReportReporter -->
<testsuite skipped="1" hostname="Carloss-MacBook-Pro.local" name="TestNG.TestNG_XML_Practice" tests="11" failures="0" timestamp="2021-05-06T19:14:56 EDT" time="14.956" errors="0">
  <testcase name="TimingAlert_HW" time="3.224" classname="TestNG.TestNG_XML_Practice"/>
  <system-out/>
  <testcase name="ContacInfoRec" time="0.400" classname="TestNG.TestNG_XML_Practice"/>
  <system-out/>
  <testcase name="AlertBox_HW" time="2.127" classname="TestNG.TestNG_XML_Practice"/>
  <system-out/>
  <testcase name="ContacInfoRec" time="0.363" classname="TestNG.TestNG_XML_Practice"/>
  <system-out/>
  <testcase name="ContacInfoRec" time="0.374" classname="TestNG.TestNG_XML_Practice"/>
  <system-out/>
  <testcase name="ContacInfoRec" time="1.017" classname="TestNG.TestNG_XML_Practice"/>
  <system-out/>
  <testcase name="ContacInfoRec" time="0.328" classname="TestNG.TestNG_XML_Practice"/>
  <system-out/>
  <testcase name="ContacInfoRec" time="0.461" classname="TestNG.TestNG_XML_Practice"/>
  <system-out/>
  <testcase name="NewMessage_HW" time="4.488" classname="TestNG.TestNG_XML_Practice"/>
  <system-out/>
  <testcase name="WindowHandle_HW" time="2.174" classname="TestNG.TestNG_XML_Practice"/>
  <system-out/>
  <testcase name="DragMe_HW" classname="TestNG.TestNG_XML_Practice">
    <skipped/>
  </testcase> <!-- DragMe_HW -->
  <system-out/>
</testsuite> <!-- TestNG.TestNG_XML_Practice -->
