<?xml version="1.0" encoding="UTF-8"?>
<!-- Generated by org.testng.reporters.JUnitReportReporter -->
<testsuite skipped="0" hostname="Carloss-MacBook-Pro.local" name="Carlos.alerts" tests="1" failures="0" timestamp="2021-04-28T21:56:04 EDT" time="6.525" errors="0">
  <testcase name="test" time="6.525" classname="Carlos.alerts"/>
  <system-out/>
</testsuite> <!-- Carlos.alerts -->
