<?xml version="1.0" encoding="UTF-8"?>
<!-- Generated by org.testng.reporters.JUnitReportReporter -->
<testsuite skipped="0" hostname="Carloss-MacBook-Pro.local" name="Carlos.SpliceJet" tests="3" failures="0" timestamp="2021-04-28T21:00:48 EDT" time="30.818" errors="0">
  <testcase name="fromToDropDown_cal" time="7.210" classname="Carlos.SpliceJet"/>
  <system-out/>
  <testcase name="passengers" time="8.674" classname="Carlos.SpliceJet"/>
  <system-out/>
  <testcase name="money" time="14.934" classname="Carlos.SpliceJet"/>
  <system-out/>
</testsuite> <!-- Carlos.SpliceJet -->
