<?xml version="1.0" encoding="UTF-8"?>
<!-- Generated by org.testng.reporters.JUnitReportReporter -->
<testsuite skipped="0" hostname="Carloss-MacBook-Pro.local" name="Carlos.homework1" tests="1" failures="0" timestamp="2021-05-02T16:31:17 EDT" time="8.151" errors="0">
  <testcase name="test" time="8.151" classname="Carlos.homework1"/>
  <system-out/>
</testsuite> <!-- Carlos.homework1 -->
